Program starting
Program starting 






controlSettings-505439800


TILE_TYPE_NUMBER 0
UNIT_TYPE_NUMBER 0
OBSTACLE_TYPE_NUMBER 0
Program starting 






controlSettings-1509344824


TILE_TYPE_NUMBER 0
UNIT_TYPE_NUMBER 0
OBSTACLE_TYPE_NUMBER 0
Program starting 






TILE_TYPE_NUMBER 0
UNIT_TYPE_NUMBER 0
OBSTACLE_TYPE_NUMBER 0
ENTITIY_TYPE_NUMBER 0
controlSettings0


Replay init for write
Initializing Input
Initializing output
MINIMAP_TILE_WIDTH4
read all graphic settings files
Fehler beim Oberfläche laden 



Fehler beim Laden der HUD Graphic
view initialization done
